#! /c/Source/iverilog-install/bin/vvp
:ivl_version "12.0 (devel)" "(s20150603-1110-g18392a46)";
:ivl_delay_selection "TYPICAL";
:vpi_time_precision - 12;
:vpi_module "C:\iverilog\lib\ivl\system.vpi";
:vpi_module "C:\iverilog\lib\ivl\vhdl_sys.vpi";
:vpi_module "C:\iverilog\lib\ivl\vhdl_textio.vpi";
:vpi_module "C:\iverilog\lib\ivl\v2005_math.vpi";
:vpi_module "C:\iverilog\lib\ivl\va_math.vpi";
S_0000024da493c080 .scope module, "tb_risc_cpu" "tb_risc_cpu" 2 3;
 .timescale -9 -12;
P_0000024da4942ab0 .param/l "ADD" 1 2 20, C4<010>;
P_0000024da4942ae8 .param/l "AND" 1 2 21, C4<011>;
P_0000024da4942b20 .param/l "HLT" 1 2 18, C4<000>;
P_0000024da4942b58 .param/l "JMP" 1 2 25, C4<111>;
P_0000024da4942b90 .param/l "LDA" 1 2 23, C4<101>;
P_0000024da4942bc8 .param/l "MAX_CYCLES" 1 2 28, +C4<00000000000000000000011111010000>;
P_0000024da4942c00 .param/l "SKZ" 1 2 19, C4<001>;
P_0000024da4942c38 .param/l "STO" 1 2 24, C4<110>;
P_0000024da4942c70 .param/l "XOR" 1 2 22, C4<100>;
v0000024da49a4430_0 .var "clk", 0 0;
v0000024da49a55b0_0 .var/i "cycles", 31 0;
v0000024da49a42f0_0 .var/i "done", 31 0;
v0000024da49a4bb0_0 .net "halt", 0 0, v0000024da498d5b0_0;  1 drivers
v0000024da49a5150_0 .var/i "i", 31 0;
v0000024da49a49d0_0 .var "opcode_seen", 7 0;
v0000024da49a5790_0 .var "rst", 0 0;
v0000024da49a5290_0 .var/i "test_fail", 31 0;
v0000024da49a4d90_0 .var/i "total_fail", 31 0;
S_0000024da4942cb0 .scope module, "dut" "risc_cpu" 2 30, 3 1 0, S_0000024da493c080;
 .timescale 0 0;
    .port_info 0 /INPUT 1 "clk";
    .port_info 1 /INPUT 1 "rst";
    .port_info 2 /OUTPUT 1 "halt";
o0000024da4949138 .functor BUFZ 8, C4<zzzzzzzz>; HiZ drive
; Elide local net with no drivers, v0000024da498cbb0_0 name=_ivl_0
v0000024da498d970_0 .net "ac_out", 7 0, v0000024da4933320_0;  1 drivers
v0000024da498d830_0 .net "addr_mux_out", 4 0, L_0000024da49a53d0;  1 drivers
v0000024da498da10_0 .net "alu_out", 7 0, v0000024da498db50_0;  1 drivers
v0000024da498e2d0_0 .net "clk", 0 0, v0000024da49a4430_0;  1 drivers
v0000024da498cc50_0 .net "data_e", 0 0, v0000024da498cf70_0;  1 drivers
v0000024da498ccf0_0 .net "halt", 0 0, v0000024da498d5b0_0;  alias, 1 drivers
v0000024da49a4930_0 .net "inc_pc", 0 0, v0000024da498d150_0;  1 drivers
v0000024da49a50b0_0 .net "ir_out", 7 0, v0000024da498c4d0_0;  1 drivers
v0000024da49a4c50_0 .net "is_zero", 0 0, L_0000024da49a5510;  1 drivers
v0000024da49a4390_0 .net "ld_ac", 0 0, v0000024da498cb10_0;  1 drivers
v0000024da49a5a10_0 .net "ld_ir", 0 0, v0000024da498c570_0;  1 drivers
v0000024da49a4250_0 .net "ld_pc", 0 0, v0000024da498de70_0;  1 drivers
RS_0000024da4948778 .resolv tri, L_0000024da49a5330, L_0000024da49a5470;
v0000024da49a51f0_0 .net8 "mem_data", 7 0, RS_0000024da4948778;  2 drivers
v0000024da49a4cf0_0 .net "pc_out", 4 0, v0000024da498c930_0;  1 drivers
v0000024da49a5d30_0 .net "rd", 0 0, v0000024da498dbf0_0;  1 drivers
v0000024da49a4f70_0 .net "rst", 0 0, v0000024da49a5790_0;  1 drivers
v0000024da49a4570_0 .net "sel", 0 0, v0000024da498dab0_0;  1 drivers
v0000024da49a5ab0_0 .net "wr", 0 0, v0000024da498d290_0;  1 drivers
L_0000024da49a5330 .functor MUXZ 8, o0000024da4949138, v0000024da4933320_0, v0000024da498cf70_0, C4<>;
L_0000024da49a5830 .part v0000024da498c4d0_0, 0, 5;
L_0000024da49a5bf0 .part v0000024da498c4d0_0, 0, 5;
L_0000024da49a5650 .part v0000024da498c4d0_0, 5, 3;
L_0000024da49a58d0 .part v0000024da498c4d0_0, 5, 3;
S_0000024da490ad30 .scope module, "ac_inst" "register" 3 58, 4 1 0, S_0000024da4942cb0;
 .timescale 0 0;
    .port_info 0 /INPUT 1 "clk";
    .port_info 1 /INPUT 1 "rst";
    .port_info 2 /INPUT 1 "ld";
    .port_info 3 /INPUT 8 "data_in";
    .port_info 4 /OUTPUT 8 "data_out";
P_0000024da493d4b0 .param/l "WIDTH" 0 4 1, +C4<00000000000000000000000000001000>;
v0000024da4933e60_0 .net "clk", 0 0, v0000024da49a4430_0;  alias, 1 drivers
v0000024da4933b40_0 .net "data_in", 7 0, v0000024da498db50_0;  alias, 1 drivers
v0000024da4933320_0 .var "data_out", 7 0;
v0000024da4933f00_0 .net "ld", 0 0, v0000024da498cb10_0;  alias, 1 drivers
v0000024da49340e0_0 .net "rst", 0 0, v0000024da49a5790_0;  alias, 1 drivers
E_0000024da493c970 .event posedge, v0000024da4933e60_0;
S_0000024da490aec0 .scope module, "addr_mux_inst" "address_mux" 3 35, 5 1 0, S_0000024da4942cb0;
 .timescale 0 0;
    .port_info 0 /INPUT 5 "inst_addr";
    .port_info 1 /INPUT 5 "op_addr";
    .port_info 2 /INPUT 1 "sel";
    .port_info 3 /OUTPUT 5 "addr";
P_0000024da493d030 .param/l "WIDTH" 0 5 1, +C4<00000000000000000000000000000101>;
v0000024da49331e0_0 .net "addr", 4 0, L_0000024da49a53d0;  alias, 1 drivers
v0000024da49333c0_0 .net "inst_addr", 4 0, v0000024da498c930_0;  alias, 1 drivers
v0000024da4933500_0 .net "op_addr", 4 0, L_0000024da49a5bf0;  1 drivers
v0000024da4933640_0 .net "sel", 0 0, v0000024da498dab0_0;  alias, 1 drivers
L_0000024da49a53d0 .functor MUXZ 5, L_0000024da49a5bf0, v0000024da498c930_0, v0000024da498dab0_0, C4<>;
S_0000024da490b050 .scope module, "alu_inst" "alu" 3 66, 6 1 0, S_0000024da4942cb0;
 .timescale 0 0;
    .port_info 0 /INPUT 3 "opcode";
    .port_info 1 /INPUT 8 "inA";
    .port_info 2 /INPUT 8 "inB";
    .port_info 3 /OUTPUT 8 "out";
    .port_info 4 /OUTPUT 1 "is_zero";
P_0000024da48ffa10 .param/l "ADD" 0 6 11, C4<010>;
P_0000024da48ffa48 .param/l "AND" 0 6 12, C4<011>;
P_0000024da48ffa80 .param/l "HLT" 0 6 9, C4<000>;
P_0000024da48ffab8 .param/l "JMP" 0 6 16, C4<111>;
P_0000024da48ffaf0 .param/l "LDA" 0 6 14, C4<101>;
P_0000024da48ffb28 .param/l "SKZ" 0 6 10, C4<001>;
P_0000024da48ffb60 .param/l "STO" 0 6 15, C4<110>;
P_0000024da48ffb98 .param/l "XOR" 0 6 13, C4<100>;
L_0000024da49a60d8 .functor BUFT 1, C4<00000000>, C4<0>, C4<0>, C4<0>;
v0000024da49336e0_0 .net/2u *"_ivl_0", 7 0, L_0000024da49a60d8;  1 drivers
v0000024da498d1f0_0 .net *"_ivl_2", 0 0, L_0000024da49a4b10;  1 drivers
L_0000024da49a6120 .functor BUFT 1, C4<1>, C4<0>, C4<0>, C4<0>;
v0000024da498d0b0_0 .net/2u *"_ivl_4", 0 0, L_0000024da49a6120;  1 drivers
L_0000024da49a6168 .functor BUFT 1, C4<0>, C4<0>, C4<0>, C4<0>;
v0000024da498c9d0_0 .net/2u *"_ivl_6", 0 0, L_0000024da49a6168;  1 drivers
v0000024da498dd30_0 .net "inA", 7 0, v0000024da4933320_0;  alias, 1 drivers
v0000024da498c430_0 .net8 "inB", 7 0, RS_0000024da4948778;  alias, 2 drivers
v0000024da498d6f0_0 .net "is_zero", 0 0, L_0000024da49a5510;  alias, 1 drivers
v0000024da498d8d0_0 .net "opcode", 2 0, L_0000024da49a5650;  1 drivers
v0000024da498db50_0 .var "out", 7 0;
E_0000024da493d070 .event anyedge, v0000024da498c430_0, v0000024da4933320_0, v0000024da498d8d0_0;
L_0000024da49a4b10 .cmp/eq 8, v0000024da4933320_0, L_0000024da49a60d8;
L_0000024da49a5510 .functor MUXZ 1, L_0000024da49a6168, L_0000024da49a6120, L_0000024da49a4b10, C4<>;
S_0000024da48ffbe0 .scope module, "ctrl_inst" "controller" 3 74, 7 1 0, S_0000024da4942cb0;
 .timescale 0 0;
    .port_info 0 /INPUT 1 "clk";
    .port_info 1 /INPUT 1 "rst";
    .port_info 2 /INPUT 3 "opcode";
    .port_info 3 /INPUT 1 "is_zero";
    .port_info 4 /OUTPUT 1 "sel";
    .port_info 5 /OUTPUT 1 "rd";
    .port_info 6 /OUTPUT 1 "ld_ir";
    .port_info 7 /OUTPUT 1 "halt";
    .port_info 8 /OUTPUT 1 "inc_pc";
    .port_info 9 /OUTPUT 1 "ld_ac";
    .port_info 10 /OUTPUT 1 "ld_pc";
    .port_info 11 /OUTPUT 1 "wr";
    .port_info 12 /OUTPUT 1 "data_e";
P_0000024da48fcca0 .param/l "ADD" 0 7 28, C4<010>;
P_0000024da48fccd8 .param/l "ALU_OP" 0 7 23, C4<110>;
P_0000024da48fcd10 .param/l "AND" 0 7 29, C4<011>;
P_0000024da48fcd48 .param/l "HLT" 0 7 26, C4<000>;
P_0000024da48fcd80 .param/l "IDLE" 0 7 20, C4<011>;
P_0000024da48fcdb8 .param/l "INST_ADDR" 0 7 17, C4<000>;
P_0000024da48fcdf0 .param/l "INST_FETCH" 0 7 18, C4<001>;
P_0000024da48fce28 .param/l "INST_LOAD" 0 7 19, C4<010>;
P_0000024da48fce60 .param/l "JMP" 0 7 33, C4<111>;
P_0000024da48fce98 .param/l "LDA" 0 7 31, C4<101>;
P_0000024da48fced0 .param/l "OP_ADDR" 0 7 21, C4<100>;
P_0000024da48fcf08 .param/l "OP_FETCH" 0 7 22, C4<101>;
P_0000024da48fcf40 .param/l "SKZ" 0 7 27, C4<001>;
P_0000024da48fcf78 .param/l "STO" 0 7 32, C4<110>;
P_0000024da48fcfb0 .param/l "STORE" 0 7 24, C4<111>;
P_0000024da48fcfe8 .param/l "XOR" 0 7 30, C4<100>;
v0000024da498ced0_0 .net "clk", 0 0, v0000024da49a4430_0;  alias, 1 drivers
v0000024da498cf70_0 .var "data_e", 0 0;
v0000024da498d5b0_0 .var "halt", 0 0;
v0000024da498d150_0 .var "inc_pc", 0 0;
v0000024da498c7f0_0 .net "is_zero", 0 0, L_0000024da49a5510;  alias, 1 drivers
v0000024da498cb10_0 .var "ld_ac", 0 0;
v0000024da498c570_0 .var "ld_ir", 0 0;
v0000024da498de70_0 .var "ld_pc", 0 0;
v0000024da498ca70_0 .net "opcode", 2 0, L_0000024da49a58d0;  1 drivers
v0000024da498dbf0_0 .var "rd", 0 0;
v0000024da498dc90_0 .net "rst", 0 0, v0000024da49a5790_0;  alias, 1 drivers
v0000024da498dab0_0 .var "sel", 0 0;
v0000024da498d010_0 .var "state", 2 0;
v0000024da498d290_0 .var "wr", 0 0;
E_0000024da493d0b0 .event anyedge, v0000024da498d6f0_0, v0000024da498ca70_0, v0000024da498d010_0;
S_0000024da48f7df0 .scope module, "ir_inst" "register" 3 50, 4 1 0, S_0000024da4942cb0;
 .timescale 0 0;
    .port_info 0 /INPUT 1 "clk";
    .port_info 1 /INPUT 1 "rst";
    .port_info 2 /INPUT 1 "ld";
    .port_info 3 /INPUT 8 "data_in";
    .port_info 4 /OUTPUT 8 "data_out";
P_0000024da493d0f0 .param/l "WIDTH" 0 4 1, +C4<00000000000000000000000000001000>;
v0000024da498ddd0_0 .net "clk", 0 0, v0000024da49a4430_0;  alias, 1 drivers
v0000024da498e190_0 .net8 "data_in", 7 0, RS_0000024da4948778;  alias, 2 drivers
v0000024da498c4d0_0 .var "data_out", 7 0;
v0000024da498d3d0_0 .net "ld", 0 0, v0000024da498c570_0;  alias, 1 drivers
v0000024da498d330_0 .net "rst", 0 0, v0000024da49a5790_0;  alias, 1 drivers
S_0000024da48f7f80 .scope module, "mem_inst" "memory" 3 42, 8 32 0, S_0000024da4942cb0;
 .timescale 0 0;
    .port_info 0 /INPUT 1 "clk";
    .port_info 1 /INPUT 1 "rd";
    .port_info 2 /INPUT 1 "wr";
    .port_info 3 /INPUT 5 "addr";
    .port_info 4 /INOUT 8 "data";
P_0000024da493d1f0 .param/str "INIT_FILE" 0 8 33, "PROG1.txt";
L_0000024da490d5e0 .functor AND 1, v0000024da498dbf0_0, L_0000024da49a5fb0, C4<1>, C4<1>;
v0000024da498d790_0 .net *"_ivl_1", 0 0, L_0000024da49a5fb0;  1 drivers
v0000024da498df10_0 .net *"_ivl_3", 0 0, L_0000024da490d5e0;  1 drivers
o0000024da4948e98 .functor BUFZ 8, C4<zzzzzzzz>; HiZ drive
; Elide local net with no drivers, v0000024da498dfb0_0 name=_ivl_4
v0000024da498cd90_0 .net "addr", 4 0, L_0000024da49a53d0;  alias, 1 drivers
v0000024da498e050_0 .net "clk", 0 0, v0000024da49a4430_0;  alias, 1 drivers
v0000024da498e0f0_0 .net8 "data", 7 0, RS_0000024da4948778;  alias, 2 drivers
v0000024da498c610_0 .var "data_out", 7 0;
v0000024da498c6b0 .array "ram", 31 0, 7 0;
v0000024da498d470_0 .net "rd", 0 0, v0000024da498dbf0_0;  alias, 1 drivers
v0000024da498ce30_0 .net "wr", 0 0, v0000024da498d290_0;  alias, 1 drivers
L_0000024da49a5fb0 .reduce/nor v0000024da498d290_0;
L_0000024da49a5470 .functor MUXZ 8, o0000024da4948e98, v0000024da498c610_0, L_0000024da490d5e0, C4<>;
S_0000024da48f8110 .scope module, "pc_inst" "program_counter" 3 26, 9 1 0, S_0000024da4942cb0;
 .timescale 0 0;
    .port_info 0 /INPUT 1 "clk";
    .port_info 1 /INPUT 1 "rst";
    .port_info 2 /INPUT 1 "ld_pc";
    .port_info 3 /INPUT 1 "inc_pc";
    .port_info 4 /INPUT 5 "in_pc";
    .port_info 5 /OUTPUT 5 "pc";
v0000024da498d510_0 .net "clk", 0 0, v0000024da49a4430_0;  alias, 1 drivers
v0000024da498c890_0 .net "in_pc", 4 0, L_0000024da49a5830;  1 drivers
v0000024da498d650_0 .net "inc_pc", 0 0, v0000024da498d150_0;  alias, 1 drivers
v0000024da498c750_0 .net "ld_pc", 0 0, v0000024da498de70_0;  alias, 1 drivers
v0000024da498c930_0 .var "pc", 4 0;
v0000024da498e230_0 .net "rst", 0 0, v0000024da49a5790_0;  alias, 1 drivers
S_0000024da48d8d00 .scope task, "expect_mem" "expect_mem" 2 41, 2 41 0, S_0000024da493c080;
 .timescale -9 -12;
v0000024da49a4ed0_0 .var "addr", 4 0;
v0000024da49a5010_0 .var "expected", 7 0;
v0000024da49a5b50_0 .var "tag", 255 0;
TD_tb_risc_cpu.expect_mem ;
    %load/vec4 v0000024da49a4ed0_0;
    %pad/u 7;
    %ix/vec4 4;
    %load/vec4a v0000024da498c6b0, 4;
    %load/vec4 v0000024da49a5010_0;
    %cmp/ne;
    %jmp/0xz  T_0.0, 6;
    %load/vec4 v0000024da49a4ed0_0;
    %pad/u 7;
    %ix/vec4 4;
    %load/vec4a v0000024da498c6b0, 4;
    %vpi_call 2 47 "$display", "[FAIL] %0s M[%0d]=0x%02x expected=0x%02x", v0000024da49a5b50_0, v0000024da49a4ed0_0, S<0,vec4,u8>, v0000024da49a5010_0 {1 0 0};
    %load/vec4 v0000024da49a4d90_0;
    %addi 1, 0, 32;
    %store/vec4 v0000024da49a4d90_0, 0, 32;
    %load/vec4 v0000024da49a5290_0;
    %addi 1, 0, 32;
    %store/vec4 v0000024da49a5290_0, 0, 32;
    %jmp T_0.1;
T_0.0 ;
    %load/vec4 v0000024da49a4ed0_0;
    %pad/u 7;
    %ix/vec4 4;
    %load/vec4a v0000024da498c6b0, 4;
    %vpi_call 2 52 "$display", "[PASS] %0s M[%0d]=0x%02x", v0000024da49a5b50_0, v0000024da49a4ed0_0, S<0,vec4,u8> {1 0 0};
T_0.1 ;
    %end;
S_0000024da48d8e90 .scope task, "run_one_program" "run_one_program" 2 57, 2 57 0, S_0000024da493c080;
 .timescale -9 -12;
v0000024da49a56f0_0 .var "exact_ops_mask", 7 0;
v0000024da49a4610_0 .var "expected_halt_pc", 4 0;
v0000024da49a4890_0 .var "prog_file", 511 0;
v0000024da49a4e30_0 .var "required_ops_mask", 7 0;
TD_tb_risc_cpu.run_one_program ;
    %pushi/vec4 0, 0, 32;
    %store/vec4 v0000024da49a5290_0, 0, 32;
    %vpi_call 2 64 "$display", "\000" {0 0 0};
    %vpi_call 2 65 "$display", "========== Running %0s ==========", v0000024da49a4890_0 {0 0 0};
    %pushi/vec4 0, 0, 32;
    %store/vec4 v0000024da49a5150_0, 0, 32;
T_1.2 ;
    %load/vec4 v0000024da49a5150_0;
    %cmpi/s 32, 0, 32;
    %jmp/0xz T_1.3, 5;
    %pushi/vec4 0, 0, 8;
    %ix/getv/s 4, v0000024da49a5150_0;
    %store/vec4a v0000024da498c6b0, 4, 0;
    %load/vec4 v0000024da49a5150_0;
    %addi 1, 0, 32;
    %store/vec4 v0000024da49a5150_0, 0, 32;
    %jmp T_1.2;
T_1.3 ;
    %vpi_call 2 73 "$readmemb", v0000024da49a4890_0, v0000024da498c6b0 {0 0 0};
    %pushi/vec4 0, 0, 8;
    %store/vec4 v0000024da49a49d0_0, 0, 8;
    %pushi/vec4 1, 0, 1;
    %store/vec4 v0000024da49a5790_0, 0, 1;
    %pushi/vec4 2, 0, 32;
T_1.4 %dup/vec4;
    %pushi/vec4 0, 0, 32;
    %cmp/s;
    %jmp/1xz T_1.5, 5;
    %jmp/1 T_1.5, 4;
    %pushi/vec4 1, 0, 32;
    %sub;
    %wait E_0000024da493c970;
    %jmp T_1.4;
T_1.5 ;
    %pop/vec4 1;
    %pushi/vec4 0, 0, 1;
    %store/vec4 v0000024da49a5790_0, 0, 1;
    %pushi/vec4 0, 0, 32;
    %store/vec4 v0000024da49a55b0_0, 0, 32;
    %pushi/vec4 0, 0, 32;
    %store/vec4 v0000024da49a42f0_0, 0, 32;
T_1.6 ;
    %load/vec4 v0000024da49a42f0_0;
    %nor/r;
    %load/vec4 v0000024da49a55b0_0;
    %cmpi/s 2000, 0, 32;
    %flag_get/vec4 5;
    %and;
    %flag_set/vec4 8;
    %jmp/0xz T_1.7, 8;
    %wait E_0000024da493c970;
    %delay 1000, 0;
    %load/vec4 v0000024da49a55b0_0;
    %addi 1, 0, 32;
    %store/vec4 v0000024da49a55b0_0, 0, 32;
    %load/vec4 v0000024da49a5790_0;
    %nor/r;
    %load/vec4 v0000024da498d010_0;
    %pushi/vec4 4, 0, 3;
    %cmp/e;
    %flag_get/vec4 4;
    %and;
    %flag_set/vec4 8;
    %jmp/0xz  T_1.8, 8;
    %pushi/vec4 1, 0, 1;
    %load/vec4 v0000024da49a50b0_0;
    %parti/s 3, 5, 4;
    %ix/vec4 4;
    %store/vec4 v0000024da49a49d0_0, 4, 1;
    %load/vec4 v0000024da49a50b0_0;
    %parti/s 3, 5, 4;
    %cmpi/e 0, 0, 3;
    %jmp/0xz  T_1.10, 4;
    %pushi/vec4 1, 0, 32;
    %store/vec4 v0000024da49a42f0_0, 0, 32;
T_1.10 ;
T_1.8 ;
    %jmp T_1.6;
T_1.7 ;
    %load/vec4 v0000024da49a42f0_0;
    %nor/r;
    %flag_set/vec4 8;
    %jmp/0xz  T_1.12, 8;
    %vpi_call 2 98 "$display", "[FAIL] %0s timed out after %0d cycles", v0000024da49a4890_0, P_0000024da4942bc8 {0 0 0};
    %load/vec4 v0000024da49a4d90_0;
    %addi 1, 0, 32;
    %store/vec4 v0000024da49a4d90_0, 0, 32;
    %load/vec4 v0000024da49a5290_0;
    %addi 1, 0, 32;
    %store/vec4 v0000024da49a5290_0, 0, 32;
    %jmp T_1.13;
T_1.12 ;
    %vpi_call 2 102 "$display", "[PASS] %0s reached HLT in %0d cycles", v0000024da49a4890_0, v0000024da49a55b0_0 {0 0 0};
T_1.13 ;
    %load/vec4 v0000024da49a4cf0_0;
    %load/vec4 v0000024da49a4610_0;
    %cmp/ne;
    %jmp/0xz  T_1.14, 6;
    %vpi_call 2 106 "$display", "[FAIL] %0s halt PC=%0d expected=%0d", v0000024da49a4890_0, v0000024da49a4cf0_0, v0000024da49a4610_0 {0 0 0};
    %load/vec4 v0000024da49a4d90_0;
    %addi 1, 0, 32;
    %store/vec4 v0000024da49a4d90_0, 0, 32;
    %load/vec4 v0000024da49a5290_0;
    %addi 1, 0, 32;
    %store/vec4 v0000024da49a5290_0, 0, 32;
    %jmp T_1.15;
T_1.14 ;
    %vpi_call 2 110 "$display", "[PASS] %0s halt PC=%0d", v0000024da49a4890_0, v0000024da49a4cf0_0 {0 0 0};
T_1.15 ;
    %load/vec4 v0000024da49a49d0_0;
    %load/vec4 v0000024da49a4e30_0;
    %and;
    %load/vec4 v0000024da49a4e30_0;
    %cmp/ne;
    %jmp/0xz  T_1.16, 4;
    %vpi_call 2 115 "$display", "[FAIL] %0s missing required operations. seen=%b required=%b", v0000024da49a4890_0, v0000024da49a49d0_0, v0000024da49a4e30_0 {0 0 0};
    %load/vec4 v0000024da49a4d90_0;
    %addi 1, 0, 32;
    %store/vec4 v0000024da49a4d90_0, 0, 32;
    %load/vec4 v0000024da49a5290_0;
    %addi 1, 0, 32;
    %store/vec4 v0000024da49a5290_0, 0, 32;
    %jmp T_1.17;
T_1.16 ;
    %vpi_call 2 120 "$display", "[PASS] %0s required operation coverage ok. seen=%b", v0000024da49a4890_0, v0000024da49a49d0_0 {0 0 0};
T_1.17 ;
    %load/vec4 v0000024da49a49d0_0;
    %load/vec4 v0000024da49a56f0_0;
    %cmp/ne;
    %jmp/0xz  T_1.18, 6;
    %vpi_call 2 124 "$display", "[FAIL] %0s exact operation mask mismatch. seen=%b expected=%b", v0000024da49a4890_0, v0000024da49a49d0_0, v0000024da49a56f0_0 {0 0 0};
    %load/vec4 v0000024da49a4d90_0;
    %addi 1, 0, 32;
    %store/vec4 v0000024da49a4d90_0, 0, 32;
    %load/vec4 v0000024da49a5290_0;
    %addi 1, 0, 32;
    %store/vec4 v0000024da49a5290_0, 0, 32;
    %jmp T_1.19;
T_1.18 ;
    %vpi_call 2 129 "$display", "[PASS] %0s exact operation mask ok. seen=%b", v0000024da49a4890_0, v0000024da49a49d0_0 {0 0 0};
T_1.19 ;
    %load/vec4 v0000024da49a5290_0;
    %cmpi/e 0, 0, 32;
    %jmp/0xz  T_1.20, 4;
    %vpi_call 2 133 "$display", "[PASS] %0s summary: all checks passed", v0000024da49a4890_0 {0 0 0};
    %jmp T_1.21;
T_1.20 ;
    %vpi_call 2 135 "$display", "[FAIL] %0s summary: %0d check(s) failed", v0000024da49a4890_0, v0000024da49a5290_0 {0 0 0};
T_1.21 ;
    %end;
    .scope S_0000024da48f8110;
T_2 ;
    %wait E_0000024da493c970;
    %load/vec4 v0000024da498e230_0;
    %flag_set/vec4 8;
    %jmp/0xz  T_2.0, 8;
    %pushi/vec4 0, 0, 5;
    %assign/vec4 v0000024da498c930_0, 0;
    %jmp T_2.1;
T_2.0 ;
    %load/vec4 v0000024da498c750_0;
    %flag_set/vec4 8;
    %jmp/0xz  T_2.2, 8;
    %load/vec4 v0000024da498c890_0;
    %assign/vec4 v0000024da498c930_0, 0;
    %jmp T_2.3;
T_2.2 ;
    %load/vec4 v0000024da498d650_0;
    %flag_set/vec4 8;
    %jmp/0xz  T_2.4, 8;
    %load/vec4 v0000024da498c930_0;
    %addi 1, 0, 5;
    %assign/vec4 v0000024da498c930_0, 0;
    %jmp T_2.5;
T_2.4 ;
    %load/vec4 v0000024da498c930_0;
    %assign/vec4 v0000024da498c930_0, 0;
T_2.5 ;
T_2.3 ;
T_2.1 ;
    %jmp T_2;
    .thread T_2;
    .scope S_0000024da48f7f80;
T_3 ;
    %vpi_call 8 52 "$readmemb", P_0000024da493d1f0, v0000024da498c6b0 {0 0 0};
    %end;
    .thread T_3;
    .scope S_0000024da48f7f80;
T_4 ;
    %wait E_0000024da493c970;
    %load/vec4 v0000024da498ce30_0;
    %load/vec4 v0000024da498d470_0;
    %nor/r;
    %and;
    %flag_set/vec4 8;
    %jmp/0xz  T_4.0, 8;
    %load/vec4 v0000024da498e0f0_0;
    %load/vec4 v0000024da498cd90_0;
    %pad/u 7;
    %ix/vec4 3;
    %ix/load 4, 0, 0; Constant delay
    %assign/vec4/a/d v0000024da498c6b0, 0, 4;
    %jmp T_4.1;
T_4.0 ;
    %load/vec4 v0000024da498cd90_0;
    %pad/u 7;
    %ix/vec4 4;
    %load/vec4a v0000024da498c6b0, 4;
    %load/vec4 v0000024da498cd90_0;
    %pad/u 7;
    %ix/vec4 3;
    %ix/load 4, 0, 0; Constant delay
    %assign/vec4/a/d v0000024da498c6b0, 0, 4;
T_4.1 ;
    %jmp T_4;
    .thread T_4;
    .scope S_0000024da48f7f80;
T_5 ;
    %wait E_0000024da493c970;
    %load/vec4 v0000024da498d470_0;
    %load/vec4 v0000024da498ce30_0;
    %nor/r;
    %and;
    %flag_set/vec4 8;
    %jmp/0xz  T_5.0, 8;
    %load/vec4 v0000024da498cd90_0;
    %pad/u 7;
    %ix/vec4 4;
    %load/vec4a v0000024da498c6b0, 4;
    %assign/vec4 v0000024da498c610_0, 0;
    %jmp T_5.1;
T_5.0 ;
    %load/vec4 v0000024da498c610_0;
    %assign/vec4 v0000024da498c610_0, 0;
T_5.1 ;
    %jmp T_5;
    .thread T_5;
    .scope S_0000024da48f7df0;
T_6 ;
    %wait E_0000024da493c970;
    %load/vec4 v0000024da498d330_0;
    %flag_set/vec4 8;
    %jmp/0xz  T_6.0, 8;
    %pushi/vec4 0, 0, 8;
    %assign/vec4 v0000024da498c4d0_0, 0;
    %jmp T_6.1;
T_6.0 ;
    %load/vec4 v0000024da498d3d0_0;
    %flag_set/vec4 8;
    %jmp/0xz  T_6.2, 8;
    %load/vec4 v0000024da498e190_0;
    %assign/vec4 v0000024da498c4d0_0, 0;
    %jmp T_6.3;
T_6.2 ;
    %load/vec4 v0000024da498c4d0_0;
    %assign/vec4 v0000024da498c4d0_0, 0;
T_6.3 ;
T_6.1 ;
    %jmp T_6;
    .thread T_6;
    .scope S_0000024da490ad30;
T_7 ;
    %wait E_0000024da493c970;
    %load/vec4 v0000024da49340e0_0;
    %flag_set/vec4 8;
    %jmp/0xz  T_7.0, 8;
    %pushi/vec4 0, 0, 8;
    %assign/vec4 v0000024da4933320_0, 0;
    %jmp T_7.1;
T_7.0 ;
    %load/vec4 v0000024da4933f00_0;
    %flag_set/vec4 8;
    %jmp/0xz  T_7.2, 8;
    %load/vec4 v0000024da4933b40_0;
    %assign/vec4 v0000024da4933320_0, 0;
    %jmp T_7.3;
T_7.2 ;
    %load/vec4 v0000024da4933320_0;
    %assign/vec4 v0000024da4933320_0, 0;
T_7.3 ;
T_7.1 ;
    %jmp T_7;
    .thread T_7;
    .scope S_0000024da490b050;
T_8 ;
    %wait E_0000024da493d070;
    %load/vec4 v0000024da498d8d0_0;
    %dup/vec4;
    %pushi/vec4 0, 0, 3;
    %cmp/u;
    %jmp/1 T_8.0, 6;
    %dup/vec4;
    %pushi/vec4 1, 0, 3;
    %cmp/u;
    %jmp/1 T_8.1, 6;
    %dup/vec4;
    %pushi/vec4 2, 0, 3;
    %cmp/u;
    %jmp/1 T_8.2, 6;
    %dup/vec4;
    %pushi/vec4 3, 0, 3;
    %cmp/u;
    %jmp/1 T_8.3, 6;
    %dup/vec4;
    %pushi/vec4 4, 0, 3;
    %cmp/u;
    %jmp/1 T_8.4, 6;
    %dup/vec4;
    %pushi/vec4 5, 0, 3;
    %cmp/u;
    %jmp/1 T_8.5, 6;
    %dup/vec4;
    %pushi/vec4 6, 0, 3;
    %cmp/u;
    %jmp/1 T_8.6, 6;
    %dup/vec4;
    %pushi/vec4 7, 0, 3;
    %cmp/u;
    %jmp/1 T_8.7, 6;
    %load/vec4 v0000024da498dd30_0;
    %store/vec4 v0000024da498db50_0, 0, 8;
    %jmp T_8.9;
T_8.0 ;
    %load/vec4 v0000024da498dd30_0;
    %store/vec4 v0000024da498db50_0, 0, 8;
    %jmp T_8.9;
T_8.1 ;
    %load/vec4 v0000024da498dd30_0;
    %store/vec4 v0000024da498db50_0, 0, 8;
    %jmp T_8.9;
T_8.2 ;
    %load/vec4 v0000024da498dd30_0;
    %load/vec4 v0000024da498c430_0;
    %add;
    %store/vec4 v0000024da498db50_0, 0, 8;
    %jmp T_8.9;
T_8.3 ;
    %load/vec4 v0000024da498dd30_0;
    %load/vec4 v0000024da498c430_0;
    %and;
    %store/vec4 v0000024da498db50_0, 0, 8;
    %jmp T_8.9;
T_8.4 ;
    %load/vec4 v0000024da498dd30_0;
    %load/vec4 v0000024da498c430_0;
    %xor;
    %store/vec4 v0000024da498db50_0, 0, 8;
    %jmp T_8.9;
T_8.5 ;
    %load/vec4 v0000024da498c430_0;
    %store/vec4 v0000024da498db50_0, 0, 8;
    %jmp T_8.9;
T_8.6 ;
    %load/vec4 v0000024da498dd30_0;
    %store/vec4 v0000024da498db50_0, 0, 8;
    %jmp T_8.9;
T_8.7 ;
    %load/vec4 v0000024da498dd30_0;
    %store/vec4 v0000024da498db50_0, 0, 8;
    %jmp T_8.9;
T_8.9 ;
    %pop/vec4 1;
    %jmp T_8;
    .thread T_8, $push;
    .scope S_0000024da48ffbe0;
T_9 ;
    %wait E_0000024da493c970;
    %load/vec4 v0000024da498dc90_0;
    %flag_set/vec4 8;
    %jmp/0xz  T_9.0, 8;
    %pushi/vec4 0, 0, 3;
    %assign/vec4 v0000024da498d010_0, 0;
    %jmp T_9.1;
T_9.0 ;
    %load/vec4 v0000024da498d010_0;
    %addi 1, 0, 3;
    %assign/vec4 v0000024da498d010_0, 0;
T_9.1 ;
    %jmp T_9;
    .thread T_9;
    .scope S_0000024da48ffbe0;
T_10 ;
    %wait E_0000024da493d0b0;
    %load/vec4 v0000024da498d010_0;
    %dup/vec4;
    %pushi/vec4 0, 0, 3;
    %cmp/u;
    %jmp/1 T_10.0, 6;
    %dup/vec4;
    %pushi/vec4 1, 0, 3;
    %cmp/u;
    %jmp/1 T_10.1, 6;
    %dup/vec4;
    %pushi/vec4 2, 0, 3;
    %cmp/u;
    %jmp/1 T_10.2, 6;
    %dup/vec4;
    %pushi/vec4 3, 0, 3;
    %cmp/u;
    %jmp/1 T_10.3, 6;
    %dup/vec4;
    %pushi/vec4 4, 0, 3;
    %cmp/u;
    %jmp/1 T_10.4, 6;
    %dup/vec4;
    %pushi/vec4 5, 0, 3;
    %cmp/u;
    %jmp/1 T_10.5, 6;
    %dup/vec4;
    %pushi/vec4 6, 0, 3;
    %cmp/u;
    %jmp/1 T_10.6, 6;
    %dup/vec4;
    %pushi/vec4 7, 0, 3;
    %cmp/u;
    %jmp/1 T_10.7, 6;
    %pushi/vec4 0, 0, 1;
    %store/vec4 v0000024da498dab0_0, 0, 1;
    %pushi/vec4 0, 0, 1;
    %store/vec4 v0000024da498dbf0_0, 0, 1;
    %pushi/vec4 0, 0, 1;
    %store/vec4 v0000024da498c570_0, 0, 1;
    %pushi/vec4 0, 0, 1;
    %store/vec4 v0000024da498d5b0_0, 0, 1;
    %pushi/vec4 0, 0, 1;
    %store/vec4 v0000024da498d150_0, 0, 1;
    %pushi/vec4 0, 0, 1;
    %store/vec4 v0000024da498cb10_0, 0, 1;
    %pushi/vec4 0, 0, 1;
    %store/vec4 v0000024da498de70_0, 0, 1;
    %pushi/vec4 0, 0, 1;
    %store/vec4 v0000024da498d290_0, 0, 1;
    %pushi/vec4 0, 0, 1;
    %store/vec4 v0000024da498cf70_0, 0, 1;
    %jmp T_10.9;
T_10.0 ;
    %pushi/vec4 1, 0, 1;
    %store/vec4 v0000024da498dab0_0, 0, 1;
    %pushi/vec4 0, 0, 1;
    %store/vec4 v0000024da498dbf0_0, 0, 1;
    %pushi/vec4 0, 0, 1;
    %store/vec4 v0000024da498c570_0, 0, 1;
    %pushi/vec4 0, 0, 1;
    %store/vec4 v0000024da498d5b0_0, 0, 1;
    %pushi/vec4 0, 0, 1;
    %store/vec4 v0000024da498d150_0, 0, 1;
    %pushi/vec4 0, 0, 1;
    %store/vec4 v0000024da498cb10_0, 0, 1;
    %pushi/vec4 0, 0, 1;
    %store/vec4 v0000024da498de70_0, 0, 1;
    %pushi/vec4 0, 0, 1;
    %store/vec4 v0000024da498d290_0, 0, 1;
    %pushi/vec4 0, 0, 1;
    %store/vec4 v0000024da498cf70_0, 0, 1;
    %jmp T_10.9;
T_10.1 ;
    %pushi/vec4 1, 0, 1;
    %store/vec4 v0000024da498dab0_0, 0, 1;
    %pushi/vec4 1, 0, 1;
    %store/vec4 v0000024da498dbf0_0, 0, 1;
    %pushi/vec4 0, 0, 1;
    %store/vec4 v0000024da498c570_0, 0, 1;
    %pushi/vec4 0, 0, 1;
    %store/vec4 v0000024da498d5b0_0, 0, 1;
    %pushi/vec4 0, 0, 1;
    %store/vec4 v0000024da498d150_0, 0, 1;
    %pushi/vec4 0, 0, 1;
    %store/vec4 v0000024da498cb10_0, 0, 1;
    %pushi/vec4 0, 0, 1;
    %store/vec4 v0000024da498de70_0, 0, 1;
    %pushi/vec4 0, 0, 1;
    %store/vec4 v0000024da498d290_0, 0, 1;
    %pushi/vec4 0, 0, 1;
    %store/vec4 v0000024da498cf70_0, 0, 1;
    %jmp T_10.9;
T_10.2 ;
    %pushi/vec4 1, 0, 1;
    %store/vec4 v0000024da498dab0_0, 0, 1;
    %pushi/vec4 1, 0, 1;
    %store/vec4 v0000024da498dbf0_0, 0, 1;
    %pushi/vec4 1, 0, 1;
    %store/vec4 v0000024da498c570_0, 0, 1;
    %pushi/vec4 0, 0, 1;
    %store/vec4 v0000024da498d5b0_0, 0, 1;
    %pushi/vec4 0, 0, 1;
    %store/vec4 v0000024da498d150_0, 0, 1;
    %pushi/vec4 0, 0, 1;
    %store/vec4 v0000024da498cb10_0, 0, 1;
    %pushi/vec4 0, 0, 1;
    %store/vec4 v0000024da498de70_0, 0, 1;
    %pushi/vec4 0, 0, 1;
    %store/vec4 v0000024da498d290_0, 0, 1;
    %pushi/vec4 0, 0, 1;
    %store/vec4 v0000024da498cf70_0, 0, 1;
    %jmp T_10.9;
T_10.3 ;
    %pushi/vec4 1, 0, 1;
    %store/vec4 v0000024da498dab0_0, 0, 1;
    %pushi/vec4 1, 0, 1;
    %store/vec4 v0000024da498dbf0_0, 0, 1;
    %pushi/vec4 1, 0, 1;
    %store/vec4 v0000024da498c570_0, 0, 1;
    %pushi/vec4 0, 0, 1;
    %store/vec4 v0000024da498d5b0_0, 0, 1;
    %pushi/vec4 0, 0, 1;
    %store/vec4 v0000024da498d150_0, 0, 1;
    %pushi/vec4 0, 0, 1;
    %store/vec4 v0000024da498cb10_0, 0, 1;
    %pushi/vec4 0, 0, 1;
    %store/vec4 v0000024da498de70_0, 0, 1;
    %pushi/vec4 0, 0, 1;
    %store/vec4 v0000024da498d290_0, 0, 1;
    %pushi/vec4 0, 0, 1;
    %store/vec4 v0000024da498cf70_0, 0, 1;
    %jmp T_10.9;
T_10.4 ;
    %pushi/vec4 0, 0, 1;
    %store/vec4 v0000024da498dab0_0, 0, 1;
    %pushi/vec4 0, 0, 1;
    %store/vec4 v0000024da498dbf0_0, 0, 1;
    %pushi/vec4 0, 0, 1;
    %store/vec4 v0000024da498c570_0, 0, 1;
    %load/vec4 v0000024da498ca70_0;
    %cmpi/e 0, 0, 3;
    %jmp/0xz  T_10.10, 4;
    %pushi/vec4 1, 0, 1;
    %store/vec4 v0000024da498d5b0_0, 0, 1;
    %jmp T_10.11;
T_10.10 ;
    %pushi/vec4 0, 0, 1;
    %store/vec4 v0000024da498d5b0_0, 0, 1;
T_10.11 ;
    %pushi/vec4 1, 0, 1;
    %store/vec4 v0000024da498d150_0, 0, 1;
    %pushi/vec4 0, 0, 1;
    %store/vec4 v0000024da498cb10_0, 0, 1;
    %pushi/vec4 0, 0, 1;
    %store/vec4 v0000024da498de70_0, 0, 1;
    %pushi/vec4 0, 0, 1;
    %store/vec4 v0000024da498d290_0, 0, 1;
    %pushi/vec4 0, 0, 1;
    %store/vec4 v0000024da498cf70_0, 0, 1;
    %jmp T_10.9;
T_10.5 ;
    %pushi/vec4 0, 0, 1;
    %store/vec4 v0000024da498dab0_0, 0, 1;
    %load/vec4 v0000024da498ca70_0;
    %cmpi/e 2, 0, 3;
    %flag_mov 8, 4;
    %load/vec4 v0000024da498ca70_0;
    %cmpi/e 3, 0, 3;
    %flag_or 4, 8;
    %flag_mov 8, 4;
    %load/vec4 v0000024da498ca70_0;
    %cmpi/e 4, 0, 3;
    %flag_or 4, 8;
    %flag_mov 8, 4;
    %load/vec4 v0000024da498ca70_0;
    %cmpi/e 5, 0, 3;
    %flag_or 4, 8;
    %jmp/0xz  T_10.12, 4;
    %pushi/vec4 1, 0, 1;
    %store/vec4 v0000024da498dbf0_0, 0, 1;
    %jmp T_10.13;
T_10.12 ;
    %pushi/vec4 0, 0, 1;
    %store/vec4 v0000024da498dbf0_0, 0, 1;
T_10.13 ;
    %pushi/vec4 0, 0, 1;
    %store/vec4 v0000024da498c570_0, 0, 1;
    %pushi/vec4 0, 0, 1;
    %store/vec4 v0000024da498d5b0_0, 0, 1;
    %pushi/vec4 0, 0, 1;
    %store/vec4 v0000024da498d150_0, 0, 1;
    %pushi/vec4 0, 0, 1;
    %store/vec4 v0000024da498cb10_0, 0, 1;
    %pushi/vec4 0, 0, 1;
    %store/vec4 v0000024da498de70_0, 0, 1;
    %pushi/vec4 0, 0, 1;
    %store/vec4 v0000024da498d290_0, 0, 1;
    %pushi/vec4 0, 0, 1;
    %store/vec4 v0000024da498cf70_0, 0, 1;
    %jmp T_10.9;
T_10.6 ;
    %pushi/vec4 0, 0, 1;
    %store/vec4 v0000024da498dab0_0, 0, 1;
    %load/vec4 v0000024da498ca70_0;
    %cmpi/e 2, 0, 3;
    %flag_mov 8, 4;
    %load/vec4 v0000024da498ca70_0;
    %cmpi/e 3, 0, 3;
    %flag_or 4, 8;
    %flag_mov 8, 4;
    %load/vec4 v0000024da498ca70_0;
    %cmpi/e 4, 0, 3;
    %flag_or 4, 8;
    %flag_mov 8, 4;
    %load/vec4 v0000024da498ca70_0;
    %cmpi/e 5, 0, 3;
    %flag_or 4, 8;
    %jmp/0xz  T_10.14, 4;
    %pushi/vec4 1, 0, 1;
    %store/vec4 v0000024da498dbf0_0, 0, 1;
    %jmp T_10.15;
T_10.14 ;
    %pushi/vec4 0, 0, 1;
    %store/vec4 v0000024da498dbf0_0, 0, 1;
T_10.15 ;
    %pushi/vec4 0, 0, 1;
    %store/vec4 v0000024da498c570_0, 0, 1;
    %pushi/vec4 0, 0, 1;
    %store/vec4 v0000024da498d5b0_0, 0, 1;
    %load/vec4 v0000024da498ca70_0;
    %pushi/vec4 1, 0, 1;
    %load/vec4 v0000024da498c7f0_0;
    %and;
    %pad/u 3;
    %cmp/e;
    %jmp/0xz  T_10.16, 4;
    %pushi/vec4 1, 0, 1;
    %store/vec4 v0000024da498d150_0, 0, 1;
    %jmp T_10.17;
T_10.16 ;
    %pushi/vec4 0, 0, 1;
    %store/vec4 v0000024da498d150_0, 0, 1;
T_10.17 ;
    %pushi/vec4 0, 0, 1;
    %store/vec4 v0000024da498cb10_0, 0, 1;
    %load/vec4 v0000024da498ca70_0;
    %cmpi/e 7, 0, 3;
    %jmp/0xz  T_10.18, 4;
    %pushi/vec4 1, 0, 1;
    %store/vec4 v0000024da498de70_0, 0, 1;
    %jmp T_10.19;
T_10.18 ;
    %pushi/vec4 0, 0, 1;
    %store/vec4 v0000024da498de70_0, 0, 1;
T_10.19 ;
    %pushi/vec4 0, 0, 1;
    %store/vec4 v0000024da498d290_0, 0, 1;
    %load/vec4 v0000024da498ca70_0;
    %cmpi/e 6, 0, 3;
    %jmp/0xz  T_10.20, 4;
    %pushi/vec4 1, 0, 1;
    %store/vec4 v0000024da498cf70_0, 0, 1;
    %jmp T_10.21;
T_10.20 ;
    %pushi/vec4 0, 0, 1;
    %store/vec4 v0000024da498cf70_0, 0, 1;
T_10.21 ;
    %jmp T_10.9;
T_10.7 ;
    %pushi/vec4 0, 0, 1;
    %store/vec4 v0000024da498dab0_0, 0, 1;
    %load/vec4 v0000024da498ca70_0;
    %cmpi/e 2, 0, 3;
    %flag_mov 8, 4;
    %load/vec4 v0000024da498ca70_0;
    %cmpi/e 3, 0, 3;
    %flag_or 4, 8;
    %flag_mov 8, 4;
    %load/vec4 v0000024da498ca70_0;
    %cmpi/e 4, 0, 3;
    %flag_or 4, 8;
    %flag_mov 8, 4;
    %load/vec4 v0000024da498ca70_0;
    %cmpi/e 5, 0, 3;
    %flag_or 4, 8;
    %jmp/0xz  T_10.22, 4;
    %pushi/vec4 1, 0, 1;
    %store/vec4 v0000024da498dbf0_0, 0, 1;
    %pushi/vec4 1, 0, 1;
    %store/vec4 v0000024da498cb10_0, 0, 1;
    %jmp T_10.23;
T_10.22 ;
    %pushi/vec4 0, 0, 1;
    %store/vec4 v0000024da498dbf0_0, 0, 1;
    %pushi/vec4 0, 0, 1;
    %store/vec4 v0000024da498cb10_0, 0, 1;
T_10.23 ;
    %pushi/vec4 0, 0, 1;
    %store/vec4 v0000024da498c570_0, 0, 1;
    %pushi/vec4 0, 0, 1;
    %store/vec4 v0000024da498d5b0_0, 0, 1;
    %pushi/vec4 0, 0, 1;
    %store/vec4 v0000024da498d150_0, 0, 1;
    %load/vec4 v0000024da498ca70_0;
    %cmpi/e 7, 0, 3;
    %jmp/0xz  T_10.24, 4;
    %pushi/vec4 1, 0, 1;
    %store/vec4 v0000024da498de70_0, 0, 1;
    %jmp T_10.25;
T_10.24 ;
    %pushi/vec4 0, 0, 1;
    %store/vec4 v0000024da498de70_0, 0, 1;
T_10.25 ;
    %load/vec4 v0000024da498ca70_0;
    %cmpi/e 6, 0, 3;
    %jmp/0xz  T_10.26, 4;
    %pushi/vec4 1, 0, 1;
    %store/vec4 v0000024da498d290_0, 0, 1;
    %pushi/vec4 1, 0, 1;
    %store/vec4 v0000024da498cf70_0, 0, 1;
    %jmp T_10.27;
T_10.26 ;
    %pushi/vec4 0, 0, 1;
    %store/vec4 v0000024da498d290_0, 0, 1;
    %pushi/vec4 0, 0, 1;
    %store/vec4 v0000024da498cf70_0, 0, 1;
T_10.27 ;
    %jmp T_10.9;
T_10.9 ;
    %pop/vec4 1;
    %jmp T_10;
    .thread T_10, $push;
    .scope S_0000024da493c080;
T_11 ;
    %pushi/vec4 0, 0, 1;
    %store/vec4 v0000024da49a4430_0, 0, 1;
T_11.0 ;
    %delay 5000, 0;
    %load/vec4 v0000024da49a4430_0;
    %inv;
    %store/vec4 v0000024da49a4430_0, 0, 1;
    %jmp T_11.0;
    %end;
    .thread T_11;
    .scope S_0000024da493c080;
T_12 ;
    %pushi/vec4 0, 0, 32;
    %store/vec4 v0000024da49a4d90_0, 0, 32;
    %pushi/vec4 0, 0, 1;
    %store/vec4 v0000024da49a5790_0, 0, 1;
    %pushi/vec4 0, 0, 32; draw_string_vec4
    %pushi/vec4 0, 0, 32; draw_string_vec4
    %concat/vec4; draw_string_vec4
    %pushi/vec4 0, 0, 32; draw_string_vec4
    %concat/vec4; draw_string_vec4
    %pushi/vec4 0, 0, 32; draw_string_vec4
    %concat/vec4; draw_string_vec4
    %pushi/vec4 0, 0, 32; draw_string_vec4
    %concat/vec4; draw_string_vec4
    %pushi/vec4 0, 0, 32; draw_string_vec4
    %concat/vec4; draw_string_vec4
    %pushi/vec4 0, 0, 32; draw_string_vec4
    %concat/vec4; draw_string_vec4
    %pushi/vec4 0, 0, 32; draw_string_vec4
    %concat/vec4; draw_string_vec4
    %pushi/vec4 0, 0, 32; draw_string_vec4
    %concat/vec4; draw_string_vec4
    %pushi/vec4 0, 0, 32; draw_string_vec4
    %concat/vec4; draw_string_vec4
    %pushi/vec4 0, 0, 32; draw_string_vec4
    %concat/vec4; draw_string_vec4
    %pushi/vec4 0, 0, 32; draw_string_vec4
    %concat/vec4; draw_string_vec4
    %pushi/vec4 0, 0, 32; draw_string_vec4
    %concat/vec4; draw_string_vec4
    %pushi/vec4 80, 0, 32; draw_string_vec4
    %concat/vec4; draw_string_vec4
    %pushi/vec4 1380927281, 0, 32; draw_string_vec4
    %concat/vec4; draw_string_vec4
    %pushi/vec4 779384948, 0, 32; draw_string_vec4
    %concat/vec4; draw_string_vec4
    %store/vec4 v0000024da49a4890_0, 0, 512;
    %pushi/vec4 23, 0, 5;
    %store/vec4 v0000024da49a4610_0, 0, 5;
    %pushi/vec4 243, 0, 8;
    %store/vec4 v0000024da49a4e30_0, 0, 8;
    %pushi/vec4 243, 0, 8;
    %store/vec4 v0000024da49a56f0_0, 0, 8;
    %fork TD_tb_risc_cpu.run_one_program, S_0000024da48d8e90;
    %join;
    %pushi/vec4 26, 0, 5;
    %store/vec4 v0000024da49a4ed0_0, 0, 5;
    %pushi/vec4 0, 0, 8;
    %store/vec4 v0000024da49a5010_0, 0, 8;
    %pushi/vec4 0, 0, 32; draw_string_vec4
    %pushi/vec4 0, 0, 32; draw_string_vec4
    %concat/vec4; draw_string_vec4
    %pushi/vec4 0, 0, 32; draw_string_vec4
    %concat/vec4; draw_string_vec4
    %pushi/vec4 0, 0, 32; draw_string_vec4
    %concat/vec4; draw_string_vec4
    %pushi/vec4 0, 0, 32; draw_string_vec4
    %concat/vec4; draw_string_vec4
    %pushi/vec4 1347571527, 0, 32; draw_string_vec4
    %concat/vec4; draw_string_vec4
    %pushi/vec4 824198209, 0, 32; draw_string_vec4
    %concat/vec4; draw_string_vec4
    %pushi/vec4 1413570353, 0, 32; draw_string_vec4
    %concat/vec4; draw_string_vec4
    %store/vec4 v0000024da49a5b50_0, 0, 256;
    %fork TD_tb_risc_cpu.expect_mem, S_0000024da48d8d00;
    %join;
    %pushi/vec4 27, 0, 5;
    %store/vec4 v0000024da49a4ed0_0, 0, 5;
    %pushi/vec4 255, 0, 8;
    %store/vec4 v0000024da49a5010_0, 0, 8;
    %pushi/vec4 0, 0, 32; draw_string_vec4
    %pushi/vec4 0, 0, 32; draw_string_vec4
    %concat/vec4; draw_string_vec4
    %pushi/vec4 0, 0, 32; draw_string_vec4
    %concat/vec4; draw_string_vec4
    %pushi/vec4 0, 0, 32; draw_string_vec4
    %concat/vec4; draw_string_vec4
    %pushi/vec4 0, 0, 32; draw_string_vec4
    %concat/vec4; draw_string_vec4
    %pushi/vec4 1347571527, 0, 32; draw_string_vec4
    %concat/vec4; draw_string_vec4
    %pushi/vec4 824198209, 0, 32; draw_string_vec4
    %concat/vec4; draw_string_vec4
    %pushi/vec4 1413570354, 0, 32; draw_string_vec4
    %concat/vec4; draw_string_vec4
    %store/vec4 v0000024da49a5b50_0, 0, 256;
    %fork TD_tb_risc_cpu.expect_mem, S_0000024da48d8d00;
    %join;
    %pushi/vec4 28, 0, 5;
    %store/vec4 v0000024da49a4ed0_0, 0, 5;
    %pushi/vec4 0, 0, 8;
    %store/vec4 v0000024da49a5010_0, 0, 8;
    %pushi/vec4 0, 0, 32; draw_string_vec4
    %pushi/vec4 0, 0, 32; draw_string_vec4
    %concat/vec4; draw_string_vec4
    %pushi/vec4 0, 0, 32; draw_string_vec4
    %concat/vec4; draw_string_vec4
    %pushi/vec4 0, 0, 32; draw_string_vec4
    %concat/vec4; draw_string_vec4
    %pushi/vec4 0, 0, 32; draw_string_vec4
    %concat/vec4; draw_string_vec4
    %pushi/vec4 20562, 0, 32; draw_string_vec4
    %concat/vec4; draw_string_vec4
    %pushi/vec4 1330065696, 0, 32; draw_string_vec4
    %concat/vec4; draw_string_vec4
    %pushi/vec4 1413827920, 0, 32; draw_string_vec4
    %concat/vec4; draw_string_vec4
    %store/vec4 v0000024da49a5b50_0, 0, 256;
    %fork TD_tb_risc_cpu.expect_mem, S_0000024da48d8d00;
    %join;
    %pushi/vec4 0, 0, 32; draw_string_vec4
    %pushi/vec4 0, 0, 32; draw_string_vec4
    %concat/vec4; draw_string_vec4
    %pushi/vec4 0, 0, 32; draw_string_vec4
    %concat/vec4; draw_string_vec4
    %pushi/vec4 0, 0, 32; draw_string_vec4
    %concat/vec4; draw_string_vec4
    %pushi/vec4 0, 0, 32; draw_string_vec4
    %concat/vec4; draw_string_vec4
    %pushi/vec4 0, 0, 32; draw_string_vec4
    %concat/vec4; draw_string_vec4
    %pushi/vec4 0, 0, 32; draw_string_vec4
    %concat/vec4; draw_string_vec4
    %pushi/vec4 0, 0, 32; draw_string_vec4
    %concat/vec4; draw_string_vec4
    %pushi/vec4 0, 0, 32; draw_string_vec4
    %concat/vec4; draw_string_vec4
    %pushi/vec4 0, 0, 32; draw_string_vec4
    %concat/vec4; draw_string_vec4
    %pushi/vec4 0, 0, 32; draw_string_vec4
    %concat/vec4; draw_string_vec4
    %pushi/vec4 0, 0, 32; draw_string_vec4
    %concat/vec4; draw_string_vec4
    %pushi/vec4 0, 0, 32; draw_string_vec4
    %concat/vec4; draw_string_vec4
    %pushi/vec4 80, 0, 32; draw_string_vec4
    %concat/vec4; draw_string_vec4
    %pushi/vec4 1380927282, 0, 32; draw_string_vec4
    %concat/vec4; draw_string_vec4
    %pushi/vec4 779384948, 0, 32; draw_string_vec4
    %concat/vec4; draw_string_vec4
    %store/vec4 v0000024da49a4890_0, 0, 512;
    %pushi/vec4 16, 0, 5;
    %store/vec4 v0000024da49a4610_0, 0, 5;
    %pushi/vec4 255, 0, 8;
    %store/vec4 v0000024da49a4e30_0, 0, 8;
    %pushi/vec4 255, 0, 8;
    %store/vec4 v0000024da49a56f0_0, 0, 8;
    %fork TD_tb_risc_cpu.run_one_program, S_0000024da48d8e90;
    %join;
    %pushi/vec4 26, 0, 5;
    %store/vec4 v0000024da49a4ed0_0, 0, 5;
    %pushi/vec4 1, 0, 8;
    %store/vec4 v0000024da49a5010_0, 0, 8;
    %pushi/vec4 0, 0, 32; draw_string_vec4
    %pushi/vec4 0, 0, 32; draw_string_vec4
    %concat/vec4; draw_string_vec4
    %pushi/vec4 0, 0, 32; draw_string_vec4
    %concat/vec4; draw_string_vec4
    %pushi/vec4 0, 0, 32; draw_string_vec4
    %concat/vec4; draw_string_vec4
    %pushi/vec4 0, 0, 32; draw_string_vec4
    %concat/vec4; draw_string_vec4
    %pushi/vec4 1347571527, 0, 32; draw_string_vec4
    %concat/vec4; draw_string_vec4
    %pushi/vec4 840975425, 0, 32; draw_string_vec4
    %concat/vec4; draw_string_vec4
    %pushi/vec4 1413570353, 0, 32; draw_string_vec4
    %concat/vec4; draw_string_vec4
    %store/vec4 v0000024da49a5b50_0, 0, 256;
    %fork TD_tb_risc_cpu.expect_mem, S_0000024da48d8d00;
    %join;
    %pushi/vec4 27, 0, 5;
    %store/vec4 v0000024da49a4ed0_0, 0, 5;
    %pushi/vec4 170, 0, 8;
    %store/vec4 v0000024da49a5010_0, 0, 8;
    %pushi/vec4 0, 0, 32; draw_string_vec4
    %pushi/vec4 0, 0, 32; draw_string_vec4
    %concat/vec4; draw_string_vec4
    %pushi/vec4 0, 0, 32; draw_string_vec4
    %concat/vec4; draw_string_vec4
    %pushi/vec4 0, 0, 32; draw_string_vec4
    %concat/vec4; draw_string_vec4
    %pushi/vec4 0, 0, 32; draw_string_vec4
    %concat/vec4; draw_string_vec4
    %pushi/vec4 1347571527, 0, 32; draw_string_vec4
    %concat/vec4; draw_string_vec4
    %pushi/vec4 840975425, 0, 32; draw_string_vec4
    %concat/vec4; draw_string_vec4
    %pushi/vec4 1413570354, 0, 32; draw_string_vec4
    %concat/vec4; draw_string_vec4
    %store/vec4 v0000024da49a5b50_0, 0, 256;
    %fork TD_tb_risc_cpu.expect_mem, S_0000024da48d8d00;
    %join;
    %pushi/vec4 28, 0, 5;
    %store/vec4 v0000024da49a4ed0_0, 0, 5;
    %pushi/vec4 255, 0, 8;
    %store/vec4 v0000024da49a5010_0, 0, 8;
    %pushi/vec4 0, 0, 32; draw_string_vec4
    %pushi/vec4 0, 0, 32; draw_string_vec4
    %concat/vec4; draw_string_vec4
    %pushi/vec4 0, 0, 32; draw_string_vec4
    %concat/vec4; draw_string_vec4
    %pushi/vec4 0, 0, 32; draw_string_vec4
    %concat/vec4; draw_string_vec4
    %pushi/vec4 0, 0, 32; draw_string_vec4
    %concat/vec4; draw_string_vec4
    %pushi/vec4 1347571527, 0, 32; draw_string_vec4
    %concat/vec4; draw_string_vec4
    %pushi/vec4 840975425, 0, 32; draw_string_vec4
    %concat/vec4; draw_string_vec4
    %pushi/vec4 1413570355, 0, 32; draw_string_vec4
    %concat/vec4; draw_string_vec4
    %store/vec4 v0000024da49a5b50_0, 0, 256;
    %fork TD_tb_risc_cpu.expect_mem, S_0000024da48d8d00;
    %join;
    %pushi/vec4 29, 0, 5;
    %store/vec4 v0000024da49a4ed0_0, 0, 5;
    %pushi/vec4 255, 0, 8;
    %store/vec4 v0000024da49a5010_0, 0, 8;
    %pushi/vec4 0, 0, 32; draw_string_vec4
    %pushi/vec4 0, 0, 32; draw_string_vec4
    %concat/vec4; draw_string_vec4
    %pushi/vec4 0, 0, 32; draw_string_vec4
    %concat/vec4; draw_string_vec4
    %pushi/vec4 0, 0, 32; draw_string_vec4
    %concat/vec4; draw_string_vec4
    %pushi/vec4 0, 0, 32; draw_string_vec4
    %concat/vec4; draw_string_vec4
    %pushi/vec4 20562, 0, 32; draw_string_vec4
    %concat/vec4; draw_string_vec4
    %pushi/vec4 1330065952, 0, 32; draw_string_vec4
    %concat/vec4; draw_string_vec4
    %pushi/vec4 1413827920, 0, 32; draw_string_vec4
    %concat/vec4; draw_string_vec4
    %store/vec4 v0000024da49a5b50_0, 0, 256;
    %fork TD_tb_risc_cpu.expect_mem, S_0000024da48d8d00;
    %join;
    %pushi/vec4 0, 0, 32; draw_string_vec4
    %pushi/vec4 0, 0, 32; draw_string_vec4
    %concat/vec4; draw_string_vec4
    %pushi/vec4 0, 0, 32; draw_string_vec4
    %concat/vec4; draw_string_vec4
    %pushi/vec4 0, 0, 32; draw_string_vec4
    %concat/vec4; draw_string_vec4
    %pushi/vec4 0, 0, 32; draw_string_vec4
    %concat/vec4; draw_string_vec4
    %pushi/vec4 0, 0, 32; draw_string_vec4
    %concat/vec4; draw_string_vec4
    %pushi/vec4 0, 0, 32; draw_string_vec4
    %concat/vec4; draw_string_vec4
    %pushi/vec4 0, 0, 32; draw_string_vec4
    %concat/vec4; draw_string_vec4
    %pushi/vec4 0, 0, 32; draw_string_vec4
    %concat/vec4; draw_string_vec4
    %pushi/vec4 0, 0, 32; draw_string_vec4
    %concat/vec4; draw_string_vec4
    %pushi/vec4 0, 0, 32; draw_string_vec4
    %concat/vec4; draw_string_vec4
    %pushi/vec4 0, 0, 32; draw_string_vec4
    %concat/vec4; draw_string_vec4
    %pushi/vec4 0, 0, 32; draw_string_vec4
    %concat/vec4; draw_string_vec4
    %pushi/vec4 80, 0, 32; draw_string_vec4
    %concat/vec4; draw_string_vec4
    %pushi/vec4 1380927283, 0, 32; draw_string_vec4
    %concat/vec4; draw_string_vec4
    %pushi/vec4 779384948, 0, 32; draw_string_vec4
    %concat/vec4; draw_string_vec4
    %store/vec4 v0000024da49a4890_0, 0, 512;
    %pushi/vec4 12, 0, 5;
    %store/vec4 v0000024da49a4610_0, 0, 5;
    %pushi/vec4 247, 0, 8;
    %store/vec4 v0000024da49a4e30_0, 0, 8;
    %pushi/vec4 247, 0, 8;
    %store/vec4 v0000024da49a56f0_0, 0, 8;
    %fork TD_tb_risc_cpu.run_one_program, S_0000024da48d8e90;
    %join;
    %pushi/vec4 26, 0, 5;
    %store/vec4 v0000024da49a4ed0_0, 0, 5;
    %pushi/vec4 144, 0, 8;
    %store/vec4 v0000024da49a5010_0, 0, 8;
    %pushi/vec4 0, 0, 32; draw_string_vec4
    %pushi/vec4 0, 0, 32; draw_string_vec4
    %concat/vec4; draw_string_vec4
    %pushi/vec4 0, 0, 32; draw_string_vec4
    %concat/vec4; draw_string_vec4
    %pushi/vec4 0, 0, 32; draw_string_vec4
    %concat/vec4; draw_string_vec4
    %pushi/vec4 0, 0, 32; draw_string_vec4
    %concat/vec4; draw_string_vec4
    %pushi/vec4 80, 0, 32; draw_string_vec4
    %concat/vec4; draw_string_vec4
    %pushi/vec4 1380927283, 0, 32; draw_string_vec4
    %concat/vec4; draw_string_vec4
    %pushi/vec4 541478449, 0, 32; draw_string_vec4
    %concat/vec4; draw_string_vec4
    %store/vec4 v0000024da49a5b50_0, 0, 256;
    %fork TD_tb_risc_cpu.expect_mem, S_0000024da48d8d00;
    %join;
    %pushi/vec4 27, 0, 5;
    %store/vec4 v0000024da49a4ed0_0, 0, 5;
    %pushi/vec4 233, 0, 8;
    %store/vec4 v0000024da49a5010_0, 0, 8;
    %pushi/vec4 0, 0, 32; draw_string_vec4
    %pushi/vec4 0, 0, 32; draw_string_vec4
    %concat/vec4; draw_string_vec4
    %pushi/vec4 0, 0, 32; draw_string_vec4
    %concat/vec4; draw_string_vec4
    %pushi/vec4 0, 0, 32; draw_string_vec4
    %concat/vec4; draw_string_vec4
    %pushi/vec4 0, 0, 32; draw_string_vec4
    %concat/vec4; draw_string_vec4
    %pushi/vec4 80, 0, 32; draw_string_vec4
    %concat/vec4; draw_string_vec4
    %pushi/vec4 1380927283, 0, 32; draw_string_vec4
    %concat/vec4; draw_string_vec4
    %pushi/vec4 541478450, 0, 32; draw_string_vec4
    %concat/vec4; draw_string_vec4
    %store/vec4 v0000024da49a5b50_0, 0, 256;
    %fork TD_tb_risc_cpu.expect_mem, S_0000024da48d8d00;
    %join;
    %pushi/vec4 28, 0, 5;
    %store/vec4 v0000024da49a4ed0_0, 0, 5;
    %pushi/vec4 144, 0, 8;
    %store/vec4 v0000024da49a5010_0, 0, 8;
    %pushi/vec4 0, 0, 32; draw_string_vec4
    %pushi/vec4 0, 0, 32; draw_string_vec4
    %concat/vec4; draw_string_vec4
    %pushi/vec4 0, 0, 32; draw_string_vec4
    %concat/vec4; draw_string_vec4
    %pushi/vec4 0, 0, 32; draw_string_vec4
    %concat/vec4; draw_string_vec4
    %pushi/vec4 0, 0, 32; draw_string_vec4
    %concat/vec4; draw_string_vec4
    %pushi/vec4 20562, 0, 32; draw_string_vec4
    %concat/vec4; draw_string_vec4
    %pushi/vec4 1330066208, 0, 32; draw_string_vec4
    %concat/vec4; draw_string_vec4
    %pushi/vec4 1413827920, 0, 32; draw_string_vec4
    %concat/vec4; draw_string_vec4
    %store/vec4 v0000024da49a5b50_0, 0, 256;
    %fork TD_tb_risc_cpu.expect_mem, S_0000024da48d8d00;
    %join;
    %pushi/vec4 29, 0, 5;
    %store/vec4 v0000024da49a4ed0_0, 0, 5;
    %pushi/vec4 144, 0, 8;
    %store/vec4 v0000024da49a5010_0, 0, 8;
    %pushi/vec4 0, 0, 32; draw_string_vec4
    %pushi/vec4 0, 0, 32; draw_string_vec4
    %concat/vec4; draw_string_vec4
    %pushi/vec4 0, 0, 32; draw_string_vec4
    %concat/vec4; draw_string_vec4
    %pushi/vec4 0, 0, 32; draw_string_vec4
    %concat/vec4; draw_string_vec4
    %pushi/vec4 0, 0, 32; draw_string_vec4
    %concat/vec4; draw_string_vec4
    %pushi/vec4 5263951, 0, 32; draw_string_vec4
    %concat/vec4; draw_string_vec4
    %pushi/vec4 1194532940, 0, 32; draw_string_vec4
    %concat/vec4; draw_string_vec4
    %pushi/vec4 1229801812, 0, 32; draw_string_vec4
    %concat/vec4; draw_string_vec4
    %store/vec4 v0000024da49a5b50_0, 0, 256;
    %fork TD_tb_risc_cpu.expect_mem, S_0000024da48d8d00;
    %join;
    %pushi/vec4 30, 0, 5;
    %store/vec4 v0000024da49a4ed0_0, 0, 5;
    %pushi/vec4 0, 0, 8;
    %store/vec4 v0000024da49a5010_0, 0, 8;
    %pushi/vec4 0, 0, 32; draw_string_vec4
    %pushi/vec4 0, 0, 32; draw_string_vec4
    %concat/vec4; draw_string_vec4
    %pushi/vec4 0, 0, 32; draw_string_vec4
    %concat/vec4; draw_string_vec4
    %pushi/vec4 0, 0, 32; draw_string_vec4
    %concat/vec4; draw_string_vec4
    %pushi/vec4 0, 0, 32; draw_string_vec4
    %concat/vec4; draw_string_vec4
    %pushi/vec4 20562, 0, 32; draw_string_vec4
    %concat/vec4; draw_string_vec4
    %pushi/vec4 1330066208, 0, 32; draw_string_vec4
    %concat/vec4; draw_string_vec4
    %pushi/vec4 1514492495, 0, 32; draw_string_vec4
    %concat/vec4; draw_string_vec4
    %store/vec4 v0000024da49a5b50_0, 0, 256;
    %fork TD_tb_risc_cpu.expect_mem, S_0000024da48d8d00;
    %join;
    %pushi/vec4 31, 0, 5;
    %store/vec4 v0000024da49a4ed0_0, 0, 5;
    %pushi/vec4 1, 0, 8;
    %store/vec4 v0000024da49a5010_0, 0, 8;
    %pushi/vec4 0, 0, 32; draw_string_vec4
    %pushi/vec4 0, 0, 32; draw_string_vec4
    %concat/vec4; draw_string_vec4
    %pushi/vec4 0, 0, 32; draw_string_vec4
    %concat/vec4; draw_string_vec4
    %pushi/vec4 0, 0, 32; draw_string_vec4
    %concat/vec4; draw_string_vec4
    %pushi/vec4 0, 0, 32; draw_string_vec4
    %concat/vec4; draw_string_vec4
    %pushi/vec4 80, 0, 32; draw_string_vec4
    %concat/vec4; draw_string_vec4
    %pushi/vec4 1380927283, 0, 32; draw_string_vec4
    %concat/vec4; draw_string_vec4
    %pushi/vec4 542068293, 0, 32; draw_string_vec4
    %concat/vec4; draw_string_vec4
    %store/vec4 v0000024da49a5b50_0, 0, 256;
    %fork TD_tb_risc_cpu.expect_mem, S_0000024da48d8d00;
    %join;
    %load/vec4 v0000024da49a4d90_0;
    %cmpi/e 0, 0, 32;
    %jmp/0xz  T_12.0, 4;
    %vpi_call 2 170 "$display", "ALL PROGRAMS PASSED" {0 0 0};
    %jmp T_12.1;
T_12.0 ;
    %vpi_call 2 172 "$display", "REGRESSION FAILED: %0d issue(s)", v0000024da49a4d90_0 {0 0 0};
T_12.1 ;
    %delay 20000, 0;
    %vpi_call 2 176 "$finish" {0 0 0};
    %end;
    .thread T_12;
    .scope S_0000024da493c080;
T_13 ;
    %vpi_call 2 180 "$dumpfile", "risc_cpu.vcd" {0 0 0};
    %vpi_call 2 181 "$dumpvars", 32'sb00000000000000000000000000000000, S_0000024da493c080 {0 0 0};
    %end;
    .thread T_13;
# The file index is used to find the file name in the following table.
:file_names 10;
    "N/A";
    "<interactive>";
    "tb_risc_cpu.v";
    "risc_cpu.v";
    "register.v";
    "address_mux.v";
    "alu.v";
    "controller.v";
    "memory.v";
    "program_counter.v";
